<?xml version="1.0" encoding="UTF-8"?>
<!-- Generated by org.testng.reporters.JUnitXMLReporter -->
<testsuite hostname="IBM-JC1SMM3" ignored="0" name="Default test" tests="4" failures="0" timestamp="06 Jul 2022 06:30:28 GMT" time="6.95" errors="0">
  <testcase name="firstPOST" time="3.042" classname="Fullstack.assenment$Assugnment"/>
  <testcase name="firstPUT" time="1.272" classname="Fullstack.assenment$Assugnment"/>
  <testcase name="firstDELETE" time="1.278" classname="Fullstack.assenment$Assugnment"/>
  <testcase name="anotherGET" time="1.329" classname="Fullstack.assenment$Assugnment"/>
</testsuite> <!-- Default test -->
