<?xml version="1.0" encoding="UTF-8"?>
<testng-results skipped="0" failed="0" ignored="0" total="4" passed="4">
  <reporter-output>
  </reporter-output>
  <suite name="Default suite" duration-ms="6950" started-at="2022-07-06T06:30:21Z" finished-at="2022-07-06T06:30:28Z">
    <groups>
    </groups>
    <test name="Default test" duration-ms="6950" started-at="2022-07-06T06:30:21Z" finished-at="2022-07-06T06:30:28Z">
      <class name="Fullstack.assenment$Assugnment">
        <test-method status="PASS" signature="firstPOST(java.lang.String, java.lang.String, java.lang.String, java.lang.String, java.lang.String, java.lang.String, int)[pri:0, instance:Fullstack.assenment$Assugnment@4b9e13df]" name="firstPOST" duration-ms="3042" started-at="2022-07-06T06:30:21Z" data-provider="postData" finished-at="2022-07-06T06:30:24Z">
          <params>
            <param index="0">
              <value>
                <![CDATA[sravani]]>
              </value>
            </param>
            <param index="1">
              <value>
                <![CDATA[sravani]]>
              </value>
            </param>
            <param index="2">
              <value>
                <![CDATA[vij]]>
              </value>
            </param>
            <param index="3">
              <value>
                <![CDATA[abc@xyz.com]]>
              </value>
            </param>
            <param index="4">
              <value>
                <![CDATA[7654321]]>
              </value>
            </param>
            <param index="5">
              <value>
                <![CDATA[9876543210]]>
              </value>
            </param>
            <param index="6">
              <value>
                <![CDATA[0]]>
              </value>
            </param>
          </params>
          <reporter-output>
          </reporter-output>
        </test-method> <!-- firstPOST -->
        <test-method status="PASS" signature="firstPUT(java.lang.String, java.lang.String, java.lang.String, java.lang.String, java.lang.String, java.lang.String, int)[pri:0, instance:Fullstack.assenment$Assugnment@4b9e13df]" name="firstPUT" duration-ms="1272" started-at="2022-07-06T06:30:24Z" data-provider="putData" depends-on-methods="Fullstack.assenment$Assugnment.firstPOST" finished-at="2022-07-06T06:30:25Z">
          <params>
            <param index="0">
              <value>
                <![CDATA[sravani]]>
              </value>
            </param>
            <param index="1">
              <value>
                <![CDATA[manu]]>
              </value>
            </param>
            <param index="2">
              <value>
                <![CDATA[HYD]]>
              </value>
            </param>
            <param index="3">
              <value>
                <![CDATA[manu@xyz.com]]>
              </value>
            </param>
            <param index="4">
              <value>
                <![CDATA[34567]]>
              </value>
            </param>
            <param index="5">
              <value>
                <![CDATA[9876543210]]>
              </value>
            </param>
            <param index="6">
              <value>
                <![CDATA[0]]>
              </value>
            </param>
          </params>
          <reporter-output>
          </reporter-output>
        </test-method> <!-- firstPUT -->
        <test-method status="PASS" signature="firstDELETE(java.lang.String)[pri:0, instance:Fullstack.assenment$Assugnment@4b9e13df]" name="firstDELETE" duration-ms="1278" started-at="2022-07-06T06:30:25Z" data-provider="deleteData" depends-on-methods="Fullstack.assenment$Assugnment.firstPUT" finished-at="2022-07-06T06:30:26Z">
          <params>
            <param index="0">
              <value>
                <![CDATA[sravani]]>
              </value>
            </param>
          </params>
          <reporter-output>
          </reporter-output>
        </test-method> <!-- firstDELETE -->
        <test-method status="PASS" signature="anotherGET(java.lang.String)[pri:0, instance:Fullstack.assenment$Assugnment@4b9e13df]" name="anotherGET" duration-ms="1329" started-at="2022-07-06T06:30:26Z" data-provider="deleteData" depends-on-methods="Fullstack.assenment$Assugnment.firstDELETE" finished-at="2022-07-06T06:30:28Z">
          <params>
            <param index="0">
              <value>
                <![CDATA[sravani]]>
              </value>
            </param>
          </params>
          <reporter-output>
          </reporter-output>
        </test-method> <!-- anotherGET -->
      </class> <!-- Fullstack.assenment$Assugnment -->
    </test> <!-- Default test -->
  </suite> <!-- Default suite -->
</testng-results>
